This is XeTeX, Version 3.1415926-2.2-0.9995.2 (TeX Live 2009/Debian) (format=xelatex 2012.3.4)  9 APR 2012 16:49
entering extended mode
 %&-line parsing enabled.
**prospectus.tex
(./prospectus.tex
LaTeX2e <2009/09/24>
Babel <v3.8l> and hyphenation patterns for english, usenglishmax, dumylang, noh
yphenation, loaded.
(/usr/share/texmf-texlive/tex/latex/base/article.cls
Document Class: article 2007/10/19 v1.4h Standard LaTeX document class
(/usr/share/texmf-texlive/tex/latex/base/size11.clo
File: size11.clo 2007/10/19 v1.4h Standard LaTeX file (size option)
)
\c@part=\count80
\c@section=\count81
\c@subsection=\count82
\c@subsubsection=\count83
\c@paragraph=\count84
\c@subparagraph=\count85
\c@figure=\count86
\c@table=\count87
\abovecaptionskip=\skip41
\belowcaptionskip=\skip42
\bibindent=\dimen102
)
(/usr/share/texmf-texlive/tex/latex/graphics/graphicx.sty
Package: graphicx 1999/02/16 v1.0f Enhanced LaTeX Graphics (DPC,SPQR)

(/usr/share/texmf-texlive/tex/latex/graphics/keyval.sty
Package: keyval 1999/03/16 v1.13 key=value parser (DPC)
\KV@toks@=\toks14
)
(/usr/share/texmf-texlive/tex/latex/graphics/graphics.sty
Package: graphics 2009/02/05 v1.0o Standard LaTeX Graphics (DPC,SPQR)

(/usr/share/texmf-texlive/tex/latex/graphics/trig.sty
Package: trig 1999/03/16 v1.09 sin cos tan (DPC)
)
(/etc/texmf/tex/latex/config/graphics.cfg
File: graphics.cfg 2009/08/28 v1.8 graphics configuration of TeX Live
)
Package graphics Info: Driver file: xetex.def on input line 91.

(/usr/share/texmf-texlive/tex/xelatex/xetex-def/xetex.def
File: xetex.def 2009/11/22 v0.94 LaTeX color/graphics driver for XeTeX (RRM/JK)

))
\Gin@req@height=\dimen103
\Gin@req@width=\dimen104
) (./prospectus.aux)
\openout1 = `prospectus.aux'.

LaTeX Font Info:    Checking defaults for OML/cmm/m/it on input line 6.
LaTeX Font Info:    ... okay on input line 6.
LaTeX Font Info:    Checking defaults for T1/cmr/m/n on input line 6.
LaTeX Font Info:    ... okay on input line 6.
LaTeX Font Info:    Checking defaults for OT1/cmr/m/n on input line 6.
LaTeX Font Info:    ... okay on input line 6.
LaTeX Font Info:    Checking defaults for OMS/cmsy/m/n on input line 6.
LaTeX Font Info:    ... okay on input line 6.
LaTeX Font Info:    Checking defaults for OMX/cmex/m/n on input line 6.
LaTeX Font Info:    ... okay on input line 6.
LaTeX Font Info:    Checking defaults for U/cmr/m/n on input line 6.
LaTeX Font Info:    ... okay on input line 6.
LaTeX Font Info:    External font `cmex10' loaded for size
(Font)              <12> on input line 7.
LaTeX Font Info:    External font `cmex10' loaded for size
(Font)              <8> on input line 7.
LaTeX Font Info:    External font `cmex10' loaded for size
(Font)              <6> on input line 7.
LaTeX Font Info:    Try loading font information for OMS+cmr on input line 7.
(/usr/share/texmf-texlive/tex/latex/base/omscmr.fd
File: omscmr.fd 1999/05/25 v2.5h Standard LaTeX font definitions
)
LaTeX Font Info:    Font shape `OMS/cmr/m/n' in size <12> not available
(Font)              Font shape `OMS/cmsy/m/n' tried instead on input line 7.
File: word_look_up.png Graphic file (type QTm)
 <use  "word_look_up.png" >
Overfull \hbox (50.23053pt too wide) in paragraph at lines 16--17
[][] 
 []


LaTeX Warning: `h' float specifier changed to `ht'.

File: translate_tab.png Graphic file (type QTm)
<use  "translate_tab.png" >
Overfull \hbox (50.23053pt too wide) in paragraph at lines 22--23
[][] 
 []


LaTeX Warning: `h' float specifier changed to `ht'.

File: vocabulary_list.png Graphic file (type QTm)
<use  "vocabulary_list.png" >
Overfull \hbox (50.23053pt too wide) in paragraph at lines 30--31
[][] 
 []


LaTeX Warning: `h' float specifier changed to `ht'.

File: grammar_tab.png Graphic file (type QTm)
<use  "grammar_tab.png" >
Overfull \hbox (50.4477pt too wide) in paragraph at lines 38--39
[][] 
 []


LaTeX Warning: `h' float specifier changed to `ht'.

[1

] [2] [3] [4] [5] (./prospectus.aux) ) 
Here is how much of TeX's memory you used:
 593 strings out of 495724
 7083 string characters out of 1189347
 56910 words of memory out of 3000000
 3774 multiletter control sequences out of 15000+50000
 6975 words of font info for 25 fonts, out of 3000000 for 9000
 28 hyphenation exceptions out of 8191
 25i,6n,19p,871b,262s stack positions out of 5000i,500n,10000p,200000b,50000s

Output written on prospectus.pdf (5 pages).
